  precompiled.cpp
  MetaDLL.cpp
  MetaEngine.cpp
  MetaMod.cpp
  ReAPI.cpp
  ReGameDLL.cpp
  SurfModCommand.cpp
  SurfModDuels.cpp
  SurfModFix.cpp
  SurfModMenu.cpp
  SurfModPlayer.cpp
  SurfModPlayerMenu.cpp
  SurfModUtils.cpp
     Creating library C:\Users\mEl\Desktop\SurfMod\Surf-Mod-mm\Release\SurfMod_mm.lib and object C:\Users\mEl\Desktop\SurfMod\Surf-Mod-mm\Release\SurfMod_mm.exp
SurfMod_mm.exp : warning LNK4070: /OUT:MatchBot_mm.dll directive in .EXP differs from output filename 'C:\Users\mEl\Desktop\SurfMod\Surf-Mod-mm\Release\SurfMod_mm.dll'; ignoring directive
  Generating code
  12 of 349 functions ( 3.4%) were compiled, the rest were copied from previous compilation.
    1 functions were new in current compilation
    18 functions had inline decision re-evaluated but remain unchanged
  Finished generating code
SurfMod_mm.exp : warning LNK4070: /OUT:MatchBot_mm.dll directive in .EXP differs from output filename 'C:\Users\mEl\Desktop\SurfMod\Surf-Mod-mm\Release\SurfMod_mm.dll'; ignoring directive
  SurfMod.vcxproj -> C:\Users\mEl\Desktop\SurfMod\Surf-Mod-mm\Release\SurfMod_mm.dll
  Ошибка: Не удается найти процесс "hlds.exe".
  Скопировано файлов:         1.
