c:\users\mel\desktop\surf-mod-mm\surfmod\release\surfmod_mm.pch
c:\users\mel\desktop\surf-mod-mm\surfmod\release\vc143.pdb
c:\users\mel\desktop\surf-mod-mm\surfmod\release\precompiled.obj
c:\users\mel\desktop\surf-mod-mm\surfmod\release\surfmodutils.obj
c:\users\mel\desktop\surf-mod-mm\surfmod\release\surfmodtask.obj
c:\users\mel\desktop\surf-mod-mm\surfmod\release\surfmodplayermenu.obj
c:\users\mel\desktop\surf-mod-mm\surfmod\release\surfmodplayer.obj
c:\users\mel\desktop\surf-mod-mm\surfmod\release\surfmodmenu.obj
c:\users\mel\desktop\surf-mod-mm\surfmod\release\surfmodfix.obj
c:\users\mel\desktop\surf-mod-mm\surfmod\release\surfmodduels.obj
c:\users\mel\desktop\surf-mod-mm\surfmod\release\surfmodcommand.obj
c:\users\mel\desktop\surf-mod-mm\surfmod\release\regamedll.obj
c:\users\mel\desktop\surf-mod-mm\surfmod\release\reapi.obj
c:\users\mel\desktop\surf-mod-mm\surfmod\release\metamod.obj
c:\users\mel\desktop\surf-mod-mm\surfmod\release\metaengine.obj
c:\users\mel\desktop\surf-mod-mm\surfmod\release\metadll.obj
c:\users\mel\desktop\surf-mod-mm\release\surfmod_mm.lib
c:\users\mel\desktop\surf-mod-mm\release\surfmod_mm.exp
c:\users\mel\desktop\surf-mod-mm\release\surfmod_mm.dll
c:\users\mel\desktop\surf-mod-mm\surfmod\release\surfmod_mm.ipdb
c:\users\mel\desktop\surf-mod-mm\surfmod\release\surfmod_mm.iobj
c:\users\mel\desktop\surf-mod-mm\surfmod\release\surfmod.tlog\cl.command.1.tlog
c:\users\mel\desktop\surf-mod-mm\surfmod\release\surfmod.tlog\cl.items.tlog
c:\users\mel\desktop\surf-mod-mm\surfmod\release\surfmod.tlog\cl.read.1.tlog
c:\users\mel\desktop\surf-mod-mm\surfmod\release\surfmod.tlog\cl.write.1.tlog
c:\users\mel\desktop\surf-mod-mm\surfmod\release\surfmod.tlog\link.command.1.tlog
c:\users\mel\desktop\surf-mod-mm\surfmod\release\surfmod.tlog\link.read.1.tlog
c:\users\mel\desktop\surf-mod-mm\surfmod\release\surfmod.tlog\link.write.1.tlog
c:\users\mel\desktop\surf-mod-mm\surfmod\release\surfmod.tlog\link.write.2u.tlog
